{"C:\\Users\\leema\\CSE183WebApp\\Assignment3\\templater.js": {"path":"C:\\Users\\leema\\CSE183WebApp\\Assignment3\\templater.js","statementMap":{"0":{"start":{"line":10,"column":4},"end":{"line":10,"column":29}},"1":{"start":{"line":25,"column":4},"end":{"line":27,"column":5}},"2":{"start":{"line":26,"column":6},"end":{"line":26,"column":23}},"3":{"start":{"line":29,"column":19},"end":{"line":29,"column":21}},"4":{"start":{"line":31,"column":16},"end":{"line":31,"column":32}},"5":{"start":{"line":32,"column":4},"end":{"line":36,"column":5}},"6":{"start":{"line":32,"column":17},"end":{"line":32,"column":18}},"7":{"start":{"line":33,"column":17},"end":{"line":33,"column":54}},"8":{"start":{"line":34,"column":6},"end":{"line":34,"column":56}},"9":{"start":{"line":35,"column":6},"end":{"line":35,"column":31}},"10":{"start":{"line":38,"column":4},"end":{"line":45,"column":5}},"11":{"start":{"line":39,"column":6},"end":{"line":41,"column":7}},"12":{"start":{"line":40,"column":8},"end":{"line":40,"column":33}},"13":{"start":{"line":44,"column":6},"end":{"line":44,"column":53}},"14":{"start":{"line":47,"column":4},"end":{"line":47,"column":54}},"15":{"start":{"line":48,"column":4},"end":{"line":48,"column":20}},"16":{"start":{"line":51,"column":0},"end":{"line":51,"column":27}}},"fnMap":{"0":{"name":"(anonymous_0)","decl":{"start":{"line":9,"column":2},"end":{"line":9,"column":3}},"loc":{"start":{"line":9,"column":24},"end":{"line":11,"column":3}},"line":9},"1":{"name":"(anonymous_1)","decl":{"start":{"line":24,"column":2},"end":{"line":24,"column":3}},"loc":{"start":{"line":24,"column":21},"end":{"line":49,"column":3}},"line":24}},"branchMap":{"0":{"loc":{"start":{"line":25,"column":4},"end":{"line":27,"column":5}},"type":"if","locations":[{"start":{"line":25,"column":4},"end":{"line":27,"column":5}},{"start":{"line":25,"column":4},"end":{"line":27,"column":5}}],"line":25},"1":{"loc":{"start":{"line":38,"column":4},"end":{"line":45,"column":5}},"type":"if","locations":[{"start":{"line":38,"column":4},"end":{"line":45,"column":5}},{"start":{"line":38,"column":4},"end":{"line":45,"column":5}}],"line":38},"2":{"loc":{"start":{"line":39,"column":6},"end":{"line":41,"column":7}},"type":"if","locations":[{"start":{"line":39,"column":6},"end":{"line":41,"column":7}},{"start":{"line":39,"column":6},"end":{"line":41,"column":7}}],"line":39}},"s":{"0":11,"1":11,"2":1,"3":10,"4":10,"5":10,"6":10,"7":26,"8":26,"9":26,"10":10,"11":2,"12":1,"13":8,"14":9,"15":9,"16":1},"f":{"0":11,"1":11},"b":{"0":[1,10],"1":[2,8],"2":[1,1]},"_coverageSchema":"1a1c01bbd47fc00a2c39e90264f33305004495a9","hash":"044890d5fd5217d88b613d5fdc71f258249d7781"}
}
